<?xml version="1.0" encoding="UTF-8"?>
<testng-results total="4" passed="4" failed="0" skipped="0">
  <reporter-output>
  </reporter-output>
  <suite started-at="2024-01-22T10:16:18Z" name="Suite" finished-at="2024-01-22T10:17:36Z" duration-ms="78038">
    <groups>
    </groups>
    <test started-at="2024-01-22T10:16:18Z" name="chromeTest" finished-at="2024-01-22T10:17:06Z" duration-ms="47995">
      <class name="Automation_Demo.Add_Reviewon_Product">
        <test-method signature="verify_add_reviewonproduct()[pri:0, instance:Automation_Demo.Add_Reviewon_Product@6c0d7c83]" started-at="2024-01-22T15:46:18Z" name="verify_add_reviewonproduct" finished-at="2024-01-22T15:46:18Z" duration-ms="1" status="PASS">
          <reporter-output>
          </reporter-output>
        </test-method> <!-- verify_add_reviewonproduct -->
      </class> <!-- Automation_Demo.Add_Reviewon_Product -->
      <class name="Automation_Demo.Demo_Automation">
        <test-method is-config="true" signature="openBrowser(java.lang.String)[pri:0, instance:Automation_Demo.Demo_Automation@60b4beb4]" started-at="2024-01-22T15:46:18Z" name="openBrowser" finished-at="2024-01-22T15:46:23Z" duration-ms="5627" status="PASS">
          <params>
            <param index="0">
              <value>
                <![CDATA[chrome]]>
              </value>
            </param>
          </params>
          <reporter-output>
          </reporter-output>
        </test-method> <!-- openBrowser -->
        <test-method is-config="true" signature="loginToApplication()[pri:0, instance:Automation_Demo.Demo_Automation@60b4beb4]" started-at="2024-01-22T15:46:23Z" name="loginToApplication" finished-at="2024-01-22T15:46:23Z" duration-ms="5" status="PASS">
          <reporter-output>
          </reporter-output>
        </test-method> <!-- loginToApplication -->
        <test-method signature="excute_Automation()[pri:0, instance:Automation_Demo.Demo_Automation@60b4beb4]" started-at="2024-01-22T15:46:23Z" name="excute_Automation" finished-at="2024-01-22T15:47:05Z" duration-ms="42042" status="PASS">
          <reporter-output>
          </reporter-output>
        </test-method> <!-- excute_Automation -->
        <test-method is-config="true" signature="logoutApplication()[pri:0, instance:Automation_Demo.Demo_Automation@60b4beb4]" started-at="2024-01-22T15:47:05Z" name="logoutApplication" finished-at="2024-01-22T15:47:05Z" duration-ms="1" status="PASS">
          <reporter-output>
          </reporter-output>
        </test-method> <!-- logoutApplication -->
        <test-method is-config="true" signature="closeBrowser()[pri:0, instance:Automation_Demo.Demo_Automation@60b4beb4]" started-at="2024-01-22T15:47:05Z" name="closeBrowser" finished-at="2024-01-22T15:47:06Z" duration-ms="312" status="PASS">
          <reporter-output>
          </reporter-output>
        </test-method> <!-- closeBrowser -->
      </class> <!-- Automation_Demo.Demo_Automation -->
    </test> <!-- chromeTest -->
    <test started-at="2024-01-22T10:17:06Z" name="edgeTest" finished-at="2024-01-22T10:17:36Z" duration-ms="30018">
      <class name="Automation_Demo.Add_Reviewon_Product">
        <test-method signature="verify_add_reviewonproduct()[pri:0, instance:Automation_Demo.Add_Reviewon_Product@455b6df1]" started-at="2024-01-22T15:47:06Z" name="verify_add_reviewonproduct" finished-at="2024-01-22T15:47:06Z" duration-ms="1" status="PASS">
          <reporter-output>
          </reporter-output>
        </test-method> <!-- verify_add_reviewonproduct -->
      </class> <!-- Automation_Demo.Add_Reviewon_Product -->
      <class name="Automation_Demo.Demo_Automation">
        <test-method is-config="true" signature="connectDB()[pri:0, instance:Automation_Demo.Demo_Automation@4ddbbdf8]" started-at="2024-01-22T15:46:18Z" name="connectDB" finished-at="2024-01-22T15:46:18Z" duration-ms="6" status="PASS">
          <reporter-output>
          </reporter-output>
        </test-method> <!-- connectDB -->
        <test-method is-config="true" signature="openBrowser(java.lang.String)[pri:0, instance:Automation_Demo.Demo_Automation@4ddbbdf8]" started-at="2024-01-22T15:47:06Z" name="openBrowser" finished-at="2024-01-22T15:47:11Z" duration-ms="5404" status="PASS">
          <params>
            <param index="0">
              <value>
                <![CDATA[edge]]>
              </value>
            </param>
          </params>
          <reporter-output>
          </reporter-output>
        </test-method> <!-- openBrowser -->
        <test-method signature="excute_Automation()[pri:0, instance:Automation_Demo.Demo_Automation@4ddbbdf8]" started-at="2024-01-22T15:47:11Z" name="excute_Automation" finished-at="2024-01-22T15:47:35Z" duration-ms="24228" status="PASS">
          <reporter-output>
          </reporter-output>
        </test-method> <!-- excute_Automation -->
        <test-method is-config="true" signature="loginToApplication()[pri:0, instance:Automation_Demo.Demo_Automation@4ddbbdf8]" started-at="2024-01-22T15:47:11Z" name="loginToApplication" finished-at="2024-01-22T15:47:11Z" duration-ms="0" status="PASS">
          <reporter-output>
          </reporter-output>
        </test-method> <!-- loginToApplication -->
        <test-method is-config="true" signature="logoutApplication()[pri:0, instance:Automation_Demo.Demo_Automation@4ddbbdf8]" started-at="2024-01-22T15:47:35Z" name="logoutApplication" finished-at="2024-01-22T15:47:35Z" duration-ms="1" status="PASS">
          <reporter-output>
          </reporter-output>
        </test-method> <!-- logoutApplication -->
        <test-method is-config="true" signature="closeBrowser()[pri:0, instance:Automation_Demo.Demo_Automation@4ddbbdf8]" started-at="2024-01-22T15:47:35Z" name="closeBrowser" finished-at="2024-01-22T15:47:36Z" duration-ms="384" status="PASS">
          <reporter-output>
          </reporter-output>
        </test-method> <!-- closeBrowser -->
        <test-method is-config="true" signature="closeDB()[pri:0, instance:Automation_Demo.Demo_Automation@4ddbbdf8]" started-at="2024-01-22T15:47:36Z" name="closeDB" finished-at="2024-01-22T15:47:36Z" duration-ms="1" status="PASS">
          <reporter-output>
          </reporter-output>
        </test-method> <!-- closeDB -->
      </class> <!-- Automation_Demo.Demo_Automation -->
    </test> <!-- edgeTest -->
  </suite> <!-- Suite -->
</testng-results>
