<?xml version="1.0" encoding="UTF-8"?>
<testsuite xmlns:xsi="http://www.w3.org/2001/XMLSchema-instance" xsi:noNamespaceSchemaLocation="https://maven.apache.org/surefire/maven-surefire-plugin/xsd/surefire-test-report-3.0.xsd" version="3.0" name="TestSuite" time="78.908" tests="4" errors="0" skipped="0" failures="0">
  <properties>
[...]
</properties>
  <testcase name="verify_add_reviewonproduct" classname="Automation_Demo.Add_Reviewon_Product" time="0.003">
    <system-out><![CDATA[========connectBD_Application=========
========Passed successfully
]]></system-out>
  </testcase>
  <testcase name="verify_add_reviewonproduct" classname="Automation_Demo.Add_Reviewon_Product" time="0.001">
    <system-out><![CDATA[==========logoutApplication==========
==========closeBrowser==========
========Passed successfully
]]></system-out>
  </testcase>
  <testcase name="excute_Automation" classname="Automation_Demo.Demo_Automation" time="42.035">
    <system-out><![CDATA[=========openBrowser===========
==========loginTo the Application=======
===========Passed successfully=========
Blue Top
Category: Women > Tops
Rs. 500
Quantity: Add to cart
Availability: In Stock
Condition: New
Brand: Polo
BRANDS
(6)
POLO
(5)
H&M
(5)
MADAME
(3)
MAST & HARBOUR
(4)
BABYHUG
(3)
ALLEN SOLLY JUNIOR
(3)
KOOKIE KIDS
(5)
BIBA
WOMEN
MEN
KIDS
]]></system-out>
  </testcase>
  <testcase name="excute_Automation" classname="Automation_Demo.Demo_Automation" time="24.225">
    <system-out><![CDATA[=========openBrowser===========
==========loginTo the Application=======
===========Passed successfully=========
Blue Top
Category: Women > Tops
Rs. 500
Quantity: Add to cart
Availability: In Stock
Condition: New
Brand: Polo
BRANDS
(6)
POLO
(5)
H&M
(5)
MADAME
(3)
MAST & HARBOUR
(4)
BABYHUG
(3)
ALLEN SOLLY JUNIOR
(3)
KOOKIE KIDS
(5)
BIBA
WOMEN
MEN
KIDS
]]></system-out>
  </testcase>
</testsuite>