<?xml version="1.0" encoding="UTF-8"?>
<testng-results total="4" passed="4" failed="0" skipped="0">
  <reporter-output>
  </reporter-output>
  <suite started-at="2024-01-22T09:58:05Z" name="Suite" finished-at="2024-01-22T09:59:11Z" duration-ms="66640">
    <groups>
    </groups>
    <test started-at="2024-01-22T09:58:05Z" name="chromeTest" finished-at="2024-01-22T09:58:38Z" duration-ms="33036">
      <class name="Automation_Demo.Add_Reviewon_Product">
        <test-method signature="verify_add_reviewonproduct()[pri:0, instance:Automation_Demo.Add_Reviewon_Product@7e5c856f]" started-at="2024-01-22T15:28:05Z" name="verify_add_reviewonproduct" finished-at="2024-01-22T15:28:05Z" duration-ms="2" status="PASS">
          <reporter-output>
          </reporter-output>
        </test-method> <!-- verify_add_reviewonproduct -->
      </class> <!-- Automation_Demo.Add_Reviewon_Product -->
      <class name="Automation_Demo.Demo_Automation">
        <test-method is-config="true" signature="openBrowser(java.lang.String)[pri:0, instance:Automation_Demo.Demo_Automation@35645047]" started-at="2024-01-22T15:28:05Z" name="openBrowser" finished-at="2024-01-22T15:28:12Z" duration-ms="6936" status="PASS">
          <params>
            <param index="0">
              <value>
                <![CDATA[chrome]]>
              </value>
            </param>
          </params>
          <reporter-output>
          </reporter-output>
        </test-method> <!-- openBrowser -->
        <test-method is-config="true" signature="loginToApplication()[pri:0, instance:Automation_Demo.Demo_Automation@35645047]" started-at="2024-01-22T15:28:12Z" name="loginToApplication" finished-at="2024-01-22T15:28:12Z" duration-ms="1" status="PASS">
          <reporter-output>
          </reporter-output>
        </test-method> <!-- loginToApplication -->
        <test-method signature="excute_Automation()[pri:0, instance:Automation_Demo.Demo_Automation@35645047]" started-at="2024-01-22T15:28:12Z" name="excute_Automation" finished-at="2024-01-22T15:28:37Z" duration-ms="25741" status="PASS">
          <reporter-output>
          </reporter-output>
        </test-method> <!-- excute_Automation -->
        <test-method is-config="true" signature="logoutApplication()[pri:0, instance:Automation_Demo.Demo_Automation@35645047]" started-at="2024-01-22T15:28:37Z" name="logoutApplication" finished-at="2024-01-22T15:28:37Z" duration-ms="1" status="PASS">
          <reporter-output>
          </reporter-output>
        </test-method> <!-- logoutApplication -->
        <test-method is-config="true" signature="closeBrowser()[pri:0, instance:Automation_Demo.Demo_Automation@35645047]" started-at="2024-01-22T15:28:37Z" name="closeBrowser" finished-at="2024-01-22T15:28:38Z" duration-ms="347" status="PASS">
          <reporter-output>
          </reporter-output>
        </test-method> <!-- closeBrowser -->
      </class> <!-- Automation_Demo.Demo_Automation -->
    </test> <!-- chromeTest -->
    <test started-at="2024-01-22T09:58:38Z" name="edgeTest" finished-at="2024-01-22T09:59:11Z" duration-ms="33547">
      <class name="Automation_Demo.Add_Reviewon_Product">
        <test-method signature="verify_add_reviewonproduct()[pri:0, instance:Automation_Demo.Add_Reviewon_Product@2796aeae]" started-at="2024-01-22T15:28:38Z" name="verify_add_reviewonproduct" finished-at="2024-01-22T15:28:38Z" duration-ms="1" status="PASS">
          <reporter-output>
          </reporter-output>
        </test-method> <!-- verify_add_reviewonproduct -->
      </class> <!-- Automation_Demo.Add_Reviewon_Product -->
      <class name="Automation_Demo.Demo_Automation">
        <test-method is-config="true" signature="connectDB()[pri:0, instance:Automation_Demo.Demo_Automation@56673b2c]" started-at="2024-01-22T15:28:05Z" name="connectDB" finished-at="2024-01-22T15:28:05Z" duration-ms="6" status="PASS">
          <reporter-output>
          </reporter-output>
        </test-method> <!-- connectDB -->
        <test-method is-config="true" signature="openBrowser(java.lang.String)[pri:0, instance:Automation_Demo.Demo_Automation@56673b2c]" started-at="2024-01-22T15:28:38Z" name="openBrowser" finished-at="2024-01-22T15:28:43Z" duration-ms="5801" status="PASS">
          <params>
            <param index="0">
              <value>
                <![CDATA[edge]]>
              </value>
            </param>
          </params>
          <reporter-output>
          </reporter-output>
        </test-method> <!-- openBrowser -->
        <test-method is-config="true" signature="loginToApplication()[pri:0, instance:Automation_Demo.Demo_Automation@56673b2c]" started-at="2024-01-22T15:28:43Z" name="loginToApplication" finished-at="2024-01-22T15:28:43Z" duration-ms="0" status="PASS">
          <reporter-output>
          </reporter-output>
        </test-method> <!-- loginToApplication -->
        <test-method signature="excute_Automation()[pri:0, instance:Automation_Demo.Demo_Automation@56673b2c]" started-at="2024-01-22T15:28:43Z" name="excute_Automation" finished-at="2024-01-22T15:29:11Z" duration-ms="27387" status="PASS">
          <reporter-output>
          </reporter-output>
        </test-method> <!-- excute_Automation -->
        <test-method is-config="true" signature="logoutApplication()[pri:0, instance:Automation_Demo.Demo_Automation@56673b2c]" started-at="2024-01-22T15:29:11Z" name="logoutApplication" finished-at="2024-01-22T15:29:11Z" duration-ms="0" status="PASS">
          <reporter-output>
          </reporter-output>
        </test-method> <!-- logoutApplication -->
        <test-method is-config="true" signature="closeBrowser()[pri:0, instance:Automation_Demo.Demo_Automation@56673b2c]" started-at="2024-01-22T15:29:11Z" name="closeBrowser" finished-at="2024-01-22T15:29:11Z" duration-ms="353" status="PASS">
          <reporter-output>
          </reporter-output>
        </test-method> <!-- closeBrowser -->
        <test-method is-config="true" signature="closeDB()[pri:0, instance:Automation_Demo.Demo_Automation@56673b2c]" started-at="2024-01-22T15:29:11Z" name="closeDB" finished-at="2024-01-22T15:29:11Z" duration-ms="0" status="PASS">
          <reporter-output>
          </reporter-output>
        </test-method> <!-- closeDB -->
      </class> <!-- Automation_Demo.Demo_Automation -->
    </test> <!-- edgeTest -->
  </suite> <!-- Suite -->
</testng-results>
